2022-09-01 10:50:31 [Scraping]   - Iniciando extração das súmulas.
2022-09-01 10:51:09 [Scraping]   - Finalizada extração das súmulas.
                                   [INFO] 2 súmulas foram adicionadas.
2022-09-01 10:51:09 [Extração]   - Iniciada extração das informações.
2022-09-01 10:51:09 [Extração]   - Finalizada extração das informações.
                                   [INFO] Todos os jogos foram extraídos com sucesso!
2022-09-01 10:51:09 [Escalações] - Iniciada geração das escalações.
2022-09-01 10:51:10 [Escalações] - Finalizada geração das escalações.

-------------------------------------------------------------------------------------

2022-09-01 14:37:57 [Scraping]   - Iniciando extração das súmulas.
2022-09-01 14:38:57 [Scraping]   - Finalizada extração das súmulas.
                                   [INFO] Nenhuma súmula foi adicionada.

-------------------------------------------------------------------------------------

2022-09-02 07:26:55 [Scraping]   - Iniciando extração das súmulas.
2022-09-02 07:27:28 [Scraping]   - Finalizada extração das súmulas.
                                   [INFO] Nenhuma súmula foi adicionada.

-------------------------------------------------------------------------------------

2022-09-03 07:19:38 [Scraping]   - Iniciando extração das súmulas.
2022-09-03 07:23:09 [Scraping]   - Finalizada extração das súmulas.
                                   [INFO] 2 súmulas foram adicionadas.
2022-09-03 07:23:09 [Extração]   - Iniciada extração das informações.
2022-09-03 07:23:09 [Extração]   - Finalizada extração das informações.
                                   [INFO] Todos os jogos foram extraídos com sucesso!
2022-09-03 07:23:09 [Escalações] - Iniciada geração das escalações.
2022-09-03 07:23:09 [Escalações] - Finalizada geração das escalações.

-------------------------------------------------------------------------------------

2022-09-04 07:19:55 [Scraping]   - Iniciando extração das súmulas.
2022-09-04 07:22:25 [Scraping]   - Finalizada extração das súmulas.
                                   [INFO] Nenhuma súmula foi adicionada.

-------------------------------------------------------------------------------------

2022-09-05 07:45:21 [Scraping]   - Iniciando extração das súmulas.
2022-09-05 07:48:41 [Scraping]   - Finalizada extração das súmulas.
                                   [INFO] 23 súmulas foram adicionadas.
2022-09-05 07:48:41 [Extração]   - Iniciada extração das informações.
2022-09-05 07:48:43 [Extração]   - Finalizada extração das informações.
                                   [INFO] Todos os jogos foram extraídos com sucesso!
2022-09-05 07:48:43 [Escalações] - Iniciada geração das escalações.
2022-09-05 07:48:45 [Escalações] - Finalizada geração das escalações.

-------------------------------------------------------------------------------------

2022-09-06 07:50:35 [Scraping]   - Iniciando extração das súmulas.
2022-09-06 07:53:06 [Scraping]   - Finalizada extração das súmulas.
                                   [INFO] 1 súmula foi adicionada.
2022-09-06 07:53:06 [Extração]   - Iniciada extração das informações.
2022-09-06 07:53:06 [Extração]   - Finalizada extração das informações.
                                   [INFO] Todos os jogos foram extraídos com sucesso!
2022-09-06 07:53:06 [Escalações] - Iniciada geração das escalações.
2022-09-06 07:53:06 [Escalações] - Finalizada geração das escalações.

-------------------------------------------------------------------------------------

2022-09-07 07:54:38 [Scraping]   - Iniciando extração das súmulas.
2022-09-07 07:55:28 [Scraping]   - Finalizada extração das súmulas.
                                   [INFO] 1 súmula foi adicionada.
2022-09-07 07:55:28 [Extração]   - Iniciada extração das informações.
2022-09-07 07:55:29 [Extração]   - Finalizada extração das informações.
                                   [INFO] Todos os jogos foram extraídos com sucesso!
2022-09-07 07:55:29 [Escalações] - Iniciada geração das escalações.
2022-09-07 07:55:29 [Escalações] - Finalizada geração das escalações.

-------------------------------------------------------------------------------------

